Log file open, 10/12/17 20:50:44
LogInit:Display: Running engine for game: LifeTheGame
LogPlatformFile: Not using cached read wrapper
LogInit:Display: RandInit(1371870551) SRandInit(1371870551).
LogTaskGraph: Started task graph with 5 named threads and 8 total threads with 1 sets of task threads.
LogStats: Stats thread started at 0.131171
LogInit: Using libcurl 7.47.1
LogInit:  - built for x86_64-pc-win32
LogInit:  - supports SSL with OpenSSL/1.0.2g
LogInit:  - supports HTTP deflate (compression) using libz 1.2.8
LogInit:  - other features:
LogInit:      CURL_VERSION_SSL
LogInit:      CURL_VERSION_LIBZ
LogInit:      CURL_VERSION_IPV6
LogInit:      CURL_VERSION_ASYNCHDNS
LogInit:      CURL_VERSION_LARGEFILE
LogInit:      CURL_VERSION_IDN
LogInit:  CurlRequestOptions (configurable via config and command line):
LogInit:  - bVerifyPeer = false  - Libcurl will NOT verify peer certificate
LogInit:  - bUseHttpProxy = false  - Libcurl will NOT use HTTP proxy
LogInit:  - bDontReuseConnections = false  - Libcurl will reuse connections
LogInit:  - CertBundlePath = nullptr  - Libcurl will use whatever was configured at build time.
LogInit: Build: ++UE4+Release-4.16-CL-3561208
LogInit: Engine Version: 4.16.3-3561208+++UE4+Release-4.16
LogInit: Compatible Engine Version: 4.16.0-3452394+++UE4+Release-4.16
LogInit: Net CL: 3452394
LogDevObjectVersion: Number of dev versions registered: 16
LogDevObjectVersion:   Dev-Blueprints (B0D832E4-1F89-4F0D-ACCF-7EB736FD4AA2): 9
LogDevObjectVersion:   Dev-Build (E1C64328-A22C-4D53-A36C-8E866417BD8C): 0
LogDevObjectVersion:   Dev-Core (375EC13C-06E4-48FB-B500-84F0262A717E): 2
LogDevObjectVersion:   Dev-Editor (E4B068ED-F494-42E9-A231-DA0B2E46BB41): 17
LogDevObjectVersion:   Dev-Framework (CFFC743F-43B0-4480-9391-14DF171D2073): 23
LogDevObjectVersion:   Dev-Mobile (B02B49B5-BB20-44E9-A304-32B752E40360): 0
LogDevObjectVersion:   Dev-Networking (A4E4105C-59A1-49B5-A7C5-40C4547EDFEE): 0
LogDevObjectVersion:   Dev-Online (39C831C9-5AE6-47DC-9A44-9C173E1C8E7C): 0
LogDevObjectVersion:   Dev-Physics (78F01B33-EBEA-4F98-B9B4-84EACCB95AA2): 0
LogDevObjectVersion:   Dev-Platform (6631380F-2D4D-43E0-8009-CF276956A95A): 0
LogDevObjectVersion:   Dev-Rendering (12F88B9F-8875-4AFC-A67C-D90C383ABD29): 15
LogDevObjectVersion:   Dev-Sequencer (7B5AE74C-D270-4C10-A958-57980B212A5A): 4
LogDevObjectVersion:   Dev-VR (D7296918-1DD6-4BDD-9DE2-64A83CC13884): 0
LogDevObjectVersion:   Dev-LoadTimes (C2A15278-BFE7-4AFE-6C17-90FF531DF755): 1
LogDevObjectVersion:   Private-Geometry (6EACA3D4-40EC-4CC1-B786-8BED09428FC5): 1
LogDevObjectVersion:   Dev-AnimPhys (29E575DD-E0A3-4627-9D10-D276232CDCEA): 3
LogInit: Compiled (64-bit): Jul 28 2017 11:49:47
LogInit: Compiled with Visual C++: 19.00.24215.01
LogInit: Build Configuration: Development
LogInit: Branch Name: ++UE4+Release-4.16
LogInit: Command line: -EpicPortal 
LogInit: Base directory: J:/Nowy folder/UE_4.16/Engine/Binaries/Win64/
LogInit: Installed Engine Build: 1
LogInit: Presizing for max 8388607 objects, including 0 objects not considered by GC, pre-allocating 0 bytes for permanent pool.
LogInit: Object subsystem initialized
[2017.10.12-18.50.44:850][  0]LogInit: Selected Device Profile: [Windows]
[2017.10.12-18.50.44:850][  0]LogInit: Applying CVar settings loaded from the selected device profile: [Windows]
[2017.10.12-18.50.44:859][  0]LogInit: Computer: ABU-PC
[2017.10.12-18.50.44:859][  0]LogInit: User: piotr
[2017.10.12-18.50.44:859][  0]LogInit: CPU Page size=4096, Cores=4
[2017.10.12-18.50.44:859][  0]LogInit: High frequency timer resolution =3.419110 MHz
[2017.10.12-18.50.44:859][  0]LogMemory: Memory total: Physical=15.0GB (15GB approx)
[2017.10.12-18.50.44:859][  0]LogMemory: Platform Memory Stats for Windows
[2017.10.12-18.50.44:859][  0]LogMemory: Process Physical Memory: 291.66 MB used, 291.66 MB peak
[2017.10.12-18.50.44:859][  0]LogMemory: Process Virtual Memory: 266.16 MB used, 266.16 MB peak
[2017.10.12-18.50.44:859][  0]LogMemory: Physical Memory: 5530.26 MB used,  9780.38 MB free, 15310.64 MB total
[2017.10.12-18.50.44:859][  0]LogMemory: Virtual Memory: 651.35 MB used,  9780.38 MB free, 134217728.00 MB total
[2017.10.12-18.50.44:956][  0]LogInit: Using OS detected language (pl-PL).
[2017.10.12-18.50.44:956][  0]LogInit: Using OS detected locale (pl-PL).
[2017.10.12-18.50.44:961][  0]LogTextLocalizationManager: No localization for 'pl-PL' exists, so 'en' will be used for the language.
[2017.10.12-18.50.44:962][  0]LogTextLocalizationManager: No localization for 'pl-PL' exists, so 'en' will be used for the locale.
[2017.10.12-18.50.45:931][  0]LogD3D11RHI: D3D11 adapters:
[2017.10.12-18.50.46:004][  0]LogD3D11RHI:    0. 'NVIDIA GeForce GTX 1070' (Feature Level 11_0)
[2017.10.12-18.50.46:004][  0]LogD3D11RHI:       8081/0/7655 MB DedicatedVideo/DedicatedSystem/SharedSystem, Outputs:1, VendorId:0x10de
[2017.10.12-18.50.46:014][  0]LogD3D11RHI:    1. 'Intel(R) HD Graphics 4000' (Feature Level 11_0)
[2017.10.12-18.50.46:014][  0]LogD3D11RHI:       992/0/800 MB DedicatedVideo/DedicatedSystem/SharedSystem, Outputs:0, VendorId:0x8086
[2017.10.12-18.50.46:020][  0]LogD3D11RHI:    2. 'Microsoft Basic Render Driver' (Feature Level 11_0)
[2017.10.12-18.50.46:020][  0]LogD3D11RHI:       0/0/7655 MB DedicatedVideo/DedicatedSystem/SharedSystem, Outputs:0, VendorId:0x1414
[2017.10.12-18.50.46:020][  0]LogD3D11RHI: Chosen D3D11 Adapter: 0
[2017.10.12-18.50.46:030][  0]LogD3D11RHI: Creating new Direct3DDevice
[2017.10.12-18.50.46:031][  0]LogD3D11RHI:     GPU DeviceId: 0x1b81 (for the marketing name, search the web for "GPU Device Id")
[2017.10.12-18.50.46:031][  0]LogWindows: EnumDisplayDevices:
[2017.10.12-18.50.46:031][  0]LogWindows:    0. 'NVIDIA GeForce GTX 1070' (P:1 D:1)
[2017.10.12-18.50.46:032][  0]LogWindows:    1. 'NVIDIA GeForce GTX 1070' (P:0 D:0)
[2017.10.12-18.50.46:033][  0]LogWindows:    2. 'NVIDIA GeForce GTX 1070' (P:0 D:0)
[2017.10.12-18.50.46:033][  0]LogWindows:    3. 'NVIDIA GeForce GTX 1070' (P:0 D:0)
[2017.10.12-18.50.46:034][  0]LogWindows:    4. 'Intel(R) HD Graphics 4000' (P:0 D:0)
[2017.10.12-18.50.46:035][  0]LogWindows:    5. 'Intel(R) HD Graphics 4000' (P:0 D:0)
[2017.10.12-18.50.46:036][  0]LogWindows:    6. 'Intel(R) HD Graphics 4000' (P:0 D:0)
[2017.10.12-18.50.46:036][  0]LogWindows:    7. 'LogMeIn Mirror Driver' (P:0 D:0)
[2017.10.12-18.50.46:037][  0]LogWindows: DebugString: PrimaryIsNotTheChoosenAdapter PrimaryIsNotTheChoosenAdapter PrimaryIsNotTheChoosenAdapter GetVideoDriverDetailsInvalid PrimaryIsNotTheChoosenAdapter FoundDriverCount:4 
[2017.10.12-18.50.46:037][  0]LogD3D11RHI:     Adapter Name: NVIDIA GeForce GTX 1070
[2017.10.12-18.50.46:037][  0]LogD3D11RHI:   Driver Version: 384.76 (internal:22.21.13.8476, unified:384.76)
[2017.10.12-18.50.46:037][  0]LogD3D11RHI:      Driver Date: 6-27-2017
[2017.10.12-18.50.46:037][  0]LogRHI: Texture pool is 1361 MB (70% of 1945 MB)
[2017.10.12-18.50.46:081][  0]LogD3D11RHI: Async texture creation enabled
[2017.10.12-18.50.46:091][  0]LogD3D11RHI: GPU Timing Frequency: 1000.000000 (Debug: 2 1)
[2017.10.12-18.50.46:144][  0]LogShaderCompilers: Guid format shader working directory is 8 characters bigger than the processId version (../../../../../Unreal Engine 4/Games/LifeTheGame/Intermediate/Shaders/WorkingDirectory/11984/).
[2017.10.12-18.50.46:144][  0]LogShaderCompilers: Cleaned the shader compiler working directory 'C:/Users/piotr.ABU-PC.000/AppData/Local/Temp/UnrealShaderWorkingDir/9D580E434AD03627C8D18A8CDF9EC8F1/'.
[2017.10.12-18.50.46:144][  0]LogShaderCompilers:Display: Using Local Shader Compiler.
[2017.10.12-18.50.47:302][  0]LogTemp:Display: Loaded TP AllDesktopTargetPlatform
[2017.10.12-18.50.47:363][  0]LogTemp:Display: Loaded TP MacClientTargetPlatform
[2017.10.12-18.50.47:416][  0]LogTemp:Display: Loaded TP MacNoEditorTargetPlatform
[2017.10.12-18.50.47:470][  0]LogTemp:Display: Loaded TP MacServerTargetPlatform
[2017.10.12-18.50.47:527][  0]LogTemp:Display: Loaded TP MacTargetPlatform
[2017.10.12-18.50.47:582][  0]LogTemp:Display: Loaded TP WindowsClientTargetPlatform
[2017.10.12-18.50.47:636][  0]LogTemp:Display: Loaded TP WindowsNoEditorTargetPlatform
[2017.10.12-18.50.47:690][  0]LogTemp:Display: Loaded TP WindowsServerTargetPlatform
[2017.10.12-18.50.47:738][  0]LogTemp:Display: Loaded TP WindowsTargetPlatform
[2017.10.12-18.50.47:789][  0]LogTemp:Display: Loaded TP AndroidTargetPlatform
[2017.10.12-18.50.47:842][  0]LogTemp:Display: Loaded TP Android_ASTCTargetPlatform
[2017.10.12-18.50.47:893][  0]LogTemp:Display: Loaded TP Android_ATCTargetPlatform
[2017.10.12-18.50.47:949][  0]LogTemp:Display: Loaded TP Android_DXTTargetPlatform
[2017.10.12-18.50.48:003][  0]LogTemp:Display: Loaded TP Android_ETC1TargetPlatform
[2017.10.12-18.50.48:061][  0]LogTemp:Display: Loaded TP Android_ETC2TargetPlatform
[2017.10.12-18.50.48:173][  0]LogTemp:Display: Loaded TP Android_MultiTargetPlatform
[2017.10.12-18.50.48:173][  0]LogTemp:Display: Loaded TP Android_PVRTCTargetPlatform
[2017.10.12-18.50.48:218][  0]LogTemp:Display: Loaded TP HTML5TargetPlatform
[2017.10.12-18.50.48:315][  0]LogTemp:Display: Loaded TP IOSTargetPlatform
[2017.10.12-18.50.48:348][  0]LogTemp:Display: Loaded TP TVOSTargetPlatform
[2017.10.12-18.50.48:402][  0]LogTemp:Display: Loaded TP LinuxClientTargetPlatform
[2017.10.12-18.50.48:457][  0]LogTemp:Display: Loaded TP LinuxNoEditorTargetPlatform
[2017.10.12-18.50.48:510][  0]LogTemp:Display: Loaded TP LinuxServerTargetPlatform
[2017.10.12-18.50.48:564][  0]LogTemp:Display: Loaded TP LinuxTargetPlatform
[2017.10.12-18.50.48:564][  0]LogTargetPlatformManager:Display: Building Assets For Windows
[2017.10.12-18.50.49:108][  0]LogDerivedDataCache:Display: Max Cache Size: 512 MB
[2017.10.12-18.50.49:194][  0]LogDerivedDataCache: Loaded boot cache 0.09s 90MB C:/Users/piotr.ABU-PC.000/AppData/Local/UnrealEngine/4.16/DerivedDataCache/Boot.ddc.
[2017.10.12-18.50.49:194][  0]LogDerivedDataCache:Display: Loaded Boot cache: C:/Users/piotr.ABU-PC.000/AppData/Local/UnrealEngine/4.16/DerivedDataCache/Boot.ddc
[2017.10.12-18.50.49:194][  0]LogDerivedDataCache: FDerivedDataBackendGraph:  Pak pak cache file ../../../../../Unreal Engine 4/Games/LifeTheGame/DerivedDataCache/DDC.ddp not found, will not use a pak cache.
[2017.10.12-18.50.49:194][  0]LogDerivedDataCache: Unable to find inner node Pak for hierarchical cache Hierarchy.
[2017.10.12-18.50.49:194][  0]LogDerivedDataCache: FDerivedDataBackendGraph:  CompressedPak pak cache file ../../../../../Unreal Engine 4/Games/LifeTheGame/DerivedDataCache/Compressed.ddp not found, will not use a pak cache.
[2017.10.12-18.50.49:194][  0]LogDerivedDataCache: Unable to find inner node CompressedPak for hierarchical cache Hierarchy.
[2017.10.12-18.50.49:208][  0]LogDerivedDataCache:Display: Pak cache opened for reading ../../../Engine/DerivedDataCache/Compressed.ddp.
[2017.10.12-18.50.49:221][  0]LogDerivedDataCache: Using Local data cache path C:/Users/piotr.ABU-PC.000/AppData/Local/UnrealEngine/Common/DerivedDataCache: Writable
[2017.10.12-18.50.49:231][  0]LogMaterial: Verifying Global Shaders for PCD3D_SM5
[2017.10.12-18.50.49:231][  0]LogSlate: Using Freetype 2.6.0
[2017.10.12-18.50.49:232][  0]LogSlate: SlateFontCache - WITH_FREETYPE: 1, WITH_HARFBUZZ: 1
[2017.10.12-18.50.49:232][  0]LogSlate: SlateFontCache - WITH_FREETYPE: 1, WITH_HARFBUZZ: 1
[2017.10.12-18.50.49:930][  0]LogInit: Selected Device Profile: [Windows]
[2017.10.12-18.50.49:993][  0]LogContentStreaming: Texture pool size is 0.00 MB
[2017.10.12-18.50.50:159][  0]LogMeshUtilities: Using QuadricMeshReduction for automatic static mesh reduction
[2017.10.12-18.50.50:205][  0]LogSimplygon: Simplygon DLL not present - disabling.
[2017.10.12-18.50.50:262][  0]LogMeshUtilities: Using SimplygonSwarm for distributed automatic mesh merging
[2017.10.12-18.50.50:262][  0]LogMeshUtilities: No automatic skeletal mesh reduction module available
[2017.10.12-18.50.50:262][  0]LogMeshUtilities: No automatic mesh merging module available
[2017.10.12-18.50.50:806][  0]LogNetVersion: LifeTheGame , NetCL: 3452394, EngineNetVer: 2, GameNetVer: 0 (Checksum: 1949202076)
[2017.10.12-18.50.50:869][  0]LogAssetRegistry: FAssetRegistry took 0.0271 seconds to start up
[2017.10.12-18.50.50:911][  0]LogPackageLocalizationCache: Processed 4 localized package path(s) for 1 prioritized culture(s) in 0.018963 seconds
[2017.10.12-18.50.50:917][  0]LogUObjectArray: 34194 objects as part of root set at end of initial load.
[2017.10.12-18.50.50:917][  0]LogUObjectAllocator: 7260416 out of 0 bytes used by permanent object pool.
[2017.10.12-18.50.50:917][  0]LogUObjectArray: CloseDisregardForGC: 0/0 objects in disregard for GC pool
[2017.10.12-18.50.50:982][  0]LogInit: WinSock: version 1.1 (2.2), MaxSocks=32767, MaxUdp=65467
[2017.10.12-18.50.53:612][  0]LogTcpMessaging: Initializing TcpMessaging bridge
[2017.10.12-18.50.53:664][  0]LogUdpMessaging: Initializing bridge on interface 0.0.0.0:0 to multicast group 230.0.0.1:6666.
[2017.10.12-18.50.54:261][  0]LogMaterial: Uniform references updated for custom material expression Custom.
[2017.10.12-18.50.54:694][  0]SourceControl: Info Source control is disabled
[2017.10.12-18.50.54:697][  0]SourceControl: Info Source control is disabled
[2017.10.12-18.50.54:754][  0]SourceControl: Info Source control is disabled
[2017.10.12-18.50.54:848][  0]SourceControl: Info Source control is disabled
[2017.10.12-18.50.55:650][  0]LogAndroidPermission: UAndroidPermissionCallbackProxy::GetInstance
[2017.10.12-18.50.56:319][  0]LogEngine: Initializing Engine...
[2017.10.12-18.50.56:321][  0]LogHMD: Failed to initialize OpenVR with code 110
[2017.10.12-18.50.56:497][  0]LogStats: UGameplayTagsManager::ConstructGameplayTagTree: Construct from data asset -  0.000 s
[2017.10.12-18.50.56:497][  0]LogStats: UGameplayTagsManager::ConstructGameplayTagTree: GameplayTagTreeChangedEvent.Broadcast -  0.000 s
[2017.10.12-18.50.56:630][  0]LogAIModule: Creating AISystem for world Untitled
[2017.10.12-18.50.56:685][  0]LogInit: XAudio2 using 'Głośniki (3 — KAVE XTD Headset)' : 6 channels at 44.1 kHz using 16 bits per sample (channel mask 0x3f)
[2017.10.12-18.50.56:730][  0]LogInit: FAudioDevice initialized.
[2017.10.12-18.50.56:774][  0]LogDerivedDataCache: Saved boot cache 0.04s 90MB C:/Users/piotr.ABU-PC.000/AppData/Local/UnrealEngine/4.16/DerivedDataCache/Boot.ddc.
[2017.10.12-18.50.56:783][  0]LogInit: Texture streaming: Enabled
[2017.10.12-18.50.56:885][  0]LogEngineSessionManager: EngineSessionManager initialized
[2017.10.12-18.50.57:115][  0]LogInit: Transaction tracking system initialized
[2017.10.12-18.50.57:446][  0]BlueprintLog: New page: Editor Load
[2017.10.12-18.50.58:490][  0]LocalizationService: Info Localization service is disabled
[2017.10.12-18.50.59:232][  0]LogConsoleResponse:Display: 
[2017.10.12-18.50.59:365][  0]LogFileCache: Scanning file cache for directory 'J:/Unreal Engine 4/Games/LifeTheGame/Content/' took 0.01s
[2017.10.12-18.50.59:365][  0]LogCook:Display: Max memory allowance for cook 16384mb min free memory 0mb
[2017.10.12-18.50.59:365][  0]LogCook:Display: Mobile HDR setting 1
[2017.10.12-18.51.00:526][  0]SourceControl: Info Source control is disabled
[2017.10.12-18.51.00:526][  0]Cmd: MAP LOAD FILE="../../../Engine/Content/Maps/Templates/Template_Default.umap" TEMPLATE=1 SHOWPROGRESS=1 FEATURELEVEL=3
[2017.10.12-18.51.00:526][  0]LightingResults: New page: Lighting Build
[2017.10.12-18.51.00:574][  0]MapCheck: New page: Map Check
[2017.10.12-18.51.00:574][  0]LightingResults: New page: Lighting Build
[2017.10.12-18.51.00:783][  0]LogAIModule: Creating AISystem for world Untitled_1
[2017.10.12-18.51.00:784][  0]LogActorComponent: RegisterComponentWithWorld: (/Temp/Untitled_1.Untitled_1:PersistentLevel.WorldSettings_1.StaticMeshComponent0) Trying to register component with IsPendingKill() == true. Aborting.
[2017.10.12-18.51.00:788][  0]LogEditorServer: Finished looking for orphan Actors (0.000 secs)
[2017.10.12-18.51.00:801][  0]Cmd: MAP CHECKDEP NOCLEARLOG
[2017.10.12-18.51.00:859][  0]MapCheck: Info Map check complete: 0 Error(s), 0 Warning(s), took 58.158ms to complete.
[2017.10.12-18.51.00:859][  0]LogFileHelpers: Loading map 'Template_Default' took 0.333
[2017.10.12-18.51.00:929][  0]LogWindowsTextInputMethodSystem:Display: IME system now deactivated.
[2017.10.12-18.51.01:037][  0]LogCollectionManager: Loaded 0 collections in 0.001932 seconds
[2017.10.12-18.51.01:120][  0]LogFileCache: Scanning file cache for directory 'J:/Unreal Engine 4/Games/LifeTheGame/Saved/Collections/' took 0.01s
[2017.10.12-18.51.01:120][  0]LogFileCache: Scanning file cache for directory 'J:/Unreal Engine 4/Games/LifeTheGame/Content/Developers/piotr/Collections/' took 0.01s
[2017.10.12-18.51.01:120][  0]LogFileCache: Scanning file cache for directory 'J:/Unreal Engine 4/Games/LifeTheGame/Content/Collections/' took 0.01s
[2017.10.12-18.51.01:120][  0]LogCollectionManager: Rebuilt the GUID cache for 0 collections in 0.000002 seconds
[2017.10.12-18.51.01:130][  0]LogContentBrowser: Native class hierarchy populated in 0.0091 seconds. Added 2329 classes and 491 folders.
[2017.10.12-18.51.01:196][  0]LogContentBrowser: Native class hierarchy updated for 'WidgetCarousel' in 0.0007 seconds. Added 0 classes and 0 folders.
[2017.10.12-18.51.01:730][  0]LogContentBrowser: Native class hierarchy updated for 'AddContentDialog' in 0.0007 seconds. Added 0 classes and 0 folders.
[2017.10.12-18.51.01:798][  0]LogContentBrowser: Native class hierarchy updated for 'SceneOutliner' in 0.0007 seconds. Added 1 classes and 2 folders.
[2017.10.12-18.51.01:836][  0]LogCrashTracker: Crashtracker disabled due to settings.
[2017.10.12-18.51.01:842][  0]LogSlate: Took 0.000345 seconds to synchronously load lazily loaded font '../../../Engine/Content/Slate/Fonts/Roboto-Regular.ttf' (155K)
[2017.10.12-18.51.01:845][  0]LogSlate: Took 0.000327 seconds to synchronously load lazily loaded font '../../../Engine/Content/Slate/Fonts/Roboto-Bold.ttf' (160K)
[2017.10.12-18.51.01:865][  0]LogSlate: Took 0.015374 seconds to synchronously load lazily loaded font '../../../Engine/Content/Editor/Slate/Fonts/FontAwesome.ttf' (139K)
[2017.10.12-18.51.01:970][  0]LogRenderer: Reallocating scene render targets to support 1208x652 NumSamples 1 (Frame:1).
[2017.10.12-18.51.02:071][  0]LogUObjectGlobals:Warning: Failed to find object 'Class None.'
[2017.10.12-18.51.02:149][  0]LogContentBrowser: Native class hierarchy updated for 'HierarchicalLODOutliner' in 0.0007 seconds. Added 1 classes and 2 folders.
[2017.10.12-18.51.02:150][  0]LogLoad: (Engine Initialization) Total time: 19.44 seconds
[2017.10.12-18.51.02:150][  0]LogLoad: (Engine Initialization) Total Blueprint compile time: 0.09 seconds
[2017.10.12-18.51.02:150][  0]LogExternalProfiler: No external profilers were discovered.  External profiling features will not be available.
[2017.10.12-18.51.02:161][  0]LogOcInput: OculusInput pre-init called
[2017.10.12-18.51.02:161][  0]LogHMD: Starting GearVRController plugin
[2017.10.12-18.51.02:176][  0]LogAssetRegistry: Asset discovery search completed in 11.3285 seconds
[2017.10.12-18.51.02:178][  0]LogCollectionManager: Rebuilt the object cache for 0 collections in 0.000001 seconds (found 0 objects)
[2017.10.12-18.51.02:178][  0]LogCollectionManager: Fixed up redirectors for 0 collections in 0.000020 seconds (updated 0 objects)
[2017.10.12-18.51.02:178][  0]LogContentStreaming: Texture pool size now 1000 MB
[2017.10.12-18.51.04:104][222]LogDirectoryWatcher:Warning: Failed to begin reading directory changes for ../../../../../Unreal Engine 4/Games/LifeTheGame/Plugins/. Error: Nie można odnaleźć określonego pliku. (0x00000002)
[2017.10.12-18.54.28:619][ 60]LogDirectoryWatcher: A directory notification for '../../../Engine/Plugins/' was aborted.
[2017.10.12-18.54.33:865][262]LogSlate: Took 0.000240 seconds to synchronously load lazily loaded font '../../../Engine/Content/Slate/Fonts/Roboto-Light.ttf' (159K)
[2017.10.12-18.54.34:513][262]Cmd: OBJ SAVEPACKAGE PACKAGE="/Game/NewMap" FILE="../../../../../Unreal Engine 4/Games/LifeTheGame/Content/NewMap.umap" SILENT=true AUTOSAVING=false KEEPDIRTY=false
[2017.10.12-18.54.34:555][262]LogSavePackage: Save=29.75ms
[2017.10.12-18.54.34:555][262]LogSavePackage: Moving '../../../../../Unreal Engine 4/Games/LifeTheGame/Saved/NewMap19B13C9C470CBA89952E1C9ECC3B6278.tmp' to '../../../../../Unreal Engine 4/Games/LifeTheGame/Content/NewMap.umap'
[2017.10.12-18.54.34:556][262]LogSavePackage:Display: Finished SavePackage ../../../../../Unreal Engine 4/Games/LifeTheGame/Content/NewMap.umap
[2017.10.12-18.54.34:571][262]LogFileHelpers: Saving map 'NewMap' took 0.787
[2017.10.12-18.54.34:599][265]LogSlate: Took 0.000221 seconds to synchronously load lazily loaded font '../../../Engine/Content/Slate/Fonts/Roboto-Light.ttf' (159K)
